mode: set
ozon-test/services/authorization/repository/profile/profile_repo.go:31.90,35.16 3 0
ozon-test/services/authorization/repository/profile/profile_repo.go:35.16,37.3 1 0
ozon-test/services/authorization/repository/profile/profile_repo.go:39.2,42.12 3 0
ozon-test/services/authorization/repository/profile/profile_repo.go:42.12,44.3 1 0
ozon-test/services/authorization/repository/profile/profile_repo.go:46.2,46.31 1 0
ozon-test/services/authorization/repository/profile/profile_repo.go:46.31,49.3 2 0
ozon-test/services/authorization/repository/profile/profile_repo.go:51.2,54.18 3 0
ozon-test/services/authorization/repository/profile/profile_repo.go:57.69,61.33 3 0
ozon-test/services/authorization/repository/profile/profile_repo.go:61.33,63.17 2 0
ozon-test/services/authorization/repository/profile/profile_repo.go:63.17,65.4 1 0
ozon-test/services/authorization/repository/profile/profile_repo.go:67.3,69.49 3 0
ozon-test/services/authorization/repository/profile/profile_repo.go:72.2,72.61 1 0
ozon-test/services/authorization/repository/profile/profile_repo.go:75.117,80.16 3 1
ozon-test/services/authorization/repository/profile/profile_repo.go:80.16,81.36 1 1
ozon-test/services/authorization/repository/profile/profile_repo.go:81.36,83.4 1 1
ozon-test/services/authorization/repository/profile/profile_repo.go:84.3,84.73 1 1
ozon-test/services/authorization/repository/profile/profile_repo.go:87.2,87.24 1 1
ozon-test/services/authorization/repository/profile/profile_repo.go:90.85,96.16 4 0
ozon-test/services/authorization/repository/profile/profile_repo.go:96.16,97.36 1 0
ozon-test/services/authorization/repository/profile/profile_repo.go:97.36,99.4 1 0
ozon-test/services/authorization/repository/profile/profile_repo.go:100.3,100.70 1 0
ozon-test/services/authorization/repository/profile/profile_repo.go:103.2,103.18 1 0
ozon-test/services/authorization/repository/profile/profile_repo.go:106.83,112.16 3 1
ozon-test/services/authorization/repository/profile/profile_repo.go:112.16,113.36 1 1
ozon-test/services/authorization/repository/profile/profile_repo.go:113.36,115.4 1 1
ozon-test/services/authorization/repository/profile/profile_repo.go:116.3,116.69 1 1
ozon-test/services/authorization/repository/profile/profile_repo.go:119.2,119.18 1 1
ozon-test/services/authorization/repository/profile/profile_repo.go:122.94,125.16 3 1
ozon-test/services/authorization/repository/profile/profile_repo.go:125.16,127.3 1 1
ozon-test/services/authorization/repository/profile/profile_repo.go:129.2,129.12 1 1
ozon-test/services/authorization/repository/profile/profile_repo.go:132.86,137.16 3 1
ozon-test/services/authorization/repository/profile/profile_repo.go:137.16,138.36 1 1
ozon-test/services/authorization/repository/profile/profile_repo.go:138.36,140.4 1 1
ozon-test/services/authorization/repository/profile/profile_repo.go:141.3,141.72 1 1
ozon-test/services/authorization/repository/profile/profile_repo.go:144.2,144.20 1 1
ozon-test/services/authorization/repository/profile/profile_repo.go:147.85,151.16 3 0
ozon-test/services/authorization/repository/profile/profile_repo.go:151.16,153.3 1 0
ozon-test/services/authorization/repository/profile/profile_repo.go:155.2,155.22 1 0
